TN:
SF:script/Deploy.s.sol
DA:8,0
FN:8,Deploy.run
FNDA:0,Deploy.run
DA:9,0
DA:10,0
DA:12,0
BRDA:12,0,0,-
BRDA:12,0,1,-
DA:13,0
BRDA:13,1,0,-
BRDA:13,1,1,-
DA:15,0
DA:16,0
DA:17,0
DA:19,0
DA:20,0
DA:21,0
FNF:1
FNH:0
LF:11
LH:0
BRF:4
BRH:0
end_of_record
TN:
SF:src/Split.sol
DA:62,47
FN:62,Split.constructor
FNDA:47,Split.constructor
DA:63,47
BRDA:63,0,0,2
BRDA:63,0,1,45
DA:64,45
DA:65,45
DA:73,66
FN:73,Split.addBucket
FNDA:66,Split.addBucket
DA:74,66
BRDA:74,1,0,1
DA:75,65
BRDA:75,2,0,1
DA:76,64
DA:77,64
DA:85,64
DA:86,64
DA:89,6
FN:89,Split.updateBucket
FNDA:6,Split.updateBucket
DA:90,6
DA:91,5
DA:92,5
DA:93,5
BRDA:93,3,0,1
DA:94,4
DA:95,4
DA:96,4
DA:97,4
DA:100,5
FN:100,Split.deleteBucket
FNDA:5,Split.deleteBucket
DA:101,5
DA:102,5
DA:103,5
BRDA:103,4,0,2
DA:104,2
DA:105,2
DA:106,2
DA:107,2
DA:109,1
BRDA:109,5,0,1
DA:110,1
DA:111,1
DA:113,5
DA:114,5
DA:115,5
BRDA:115,6,0,3
DA:116,5
DA:117,5
DA:118,5
DA:123,27
FN:123,Split.deposit
FNDA:27,Split.deposit
DA:124,26
BRDA:124,7,0,1
DA:125,25
DA:126,24
DA:129,2
FN:129,Split.depositFor
FNDA:2,Split.depositFor
DA:130,2
BRDA:130,8,0,1
DA:131,1
DA:132,1
DA:135,25
FN:135,Split._split
FNDA:25,Split._split
DA:136,25
DA:137,25
DA:138,25
BRDA:138,9,0,1
DA:139,24
BRDA:139,10,0,1
DA:140,23
DA:141,23
DA:142,23
DA:143,23
DA:144,31
DA:145,31
BRDA:145,11,0,31
DA:148,31
DA:151,31
DA:152,31
BRDA:152,12,0,3
BRDA:152,12,1,28
DA:153,3
DA:155,28
DA:156,28
DA:158,31
DA:160,31
DA:162,23
BRDA:162,13,0,1
DA:163,1
DA:169,4
FN:169,Split.withdraw
FNDA:4,Split.withdraw
DA:170,4
BRDA:170,14,0,1
DA:171,3
DA:172,3
DA:173,3
BRDA:173,15,0,1
DA:174,2
DA:175,2
DA:176,2
DA:179,3
FN:179,Split.withdrawTo
FNDA:3,Split.withdrawTo
DA:180,3
BRDA:180,16,0,0
DA:181,3
BRDA:181,17,0,1
BRDA:181,17,1,2
DA:182,2
DA:183,2
DA:184,2
BRDA:184,18,0,1
DA:185,1
DA:186,1
DA:187,1
DA:192,12
FN:192,Split.setScheduledSend
FNDA:12,Split.setScheduledSend
DA:198,12
BRDA:198,19,0,1
DA:199,11
BRDA:199,20,0,1
DA:200,10
BRDA:200,21,0,1
DA:201,9
DA:202,9
DA:209,9
DA:212,2
FN:212,Split.cancelScheduledSend
FNDA:2,Split.cancelScheduledSend
DA:213,2
DA:214,2
DA:217,6
FN:217,Split.executeScheduledSend
FNDA:6,Split.executeScheduledSend
DA:218,6
BRDA:218,22,0,1
DA:219,5
DA:220,5
BRDA:220,23,0,1
DA:224,4
BRDA:224,24,0,1
DA:225,3
DA:226,3
DA:234,3
DA:235,3
BRDA:235,25,0,1
DA:236,2
DA:237,2
DA:238,2
DA:243,17
FN:243,Split.getBuckets
FNDA:17,Split.getBuckets
DA:244,17
DA:247,5
FN:247,Split.getScheduledSend
FNDA:5,Split.getScheduledSend
DA:248,5
DA:251,6
FN:251,Split.totalBPS
FNDA:6,Split.totalBPS
DA:252,6
DA:257,28
FN:257,Split._getIdx
FNDA:28,Split._getIdx
DA:258,28
DA:259,28
DA:260,30
BRDA:260,26,0,27
DA:261,3
DA:263,1
DA:266,95
FN:266,Split._sumBPS
FNDA:95,Split._sumBPS
DA:267,95
DA:268,95
DA:269,105
BRDA:269,27,0,105
DA:270,105
DA:274,5
FN:274,Split._sumBPSExcluding
FNDA:5,Split._sumBPSExcluding
DA:275,5
DA:276,5
DA:277,10
BRDA:277,28,0,5
DA:278,10
FNF:18
FNH:18
LF:127
LH:127
BRF:32
BRH:31
end_of_record
TN:
SF:test/Split.t.sol
DA:12,0
FN:12,MockUSDC.decimals.0
FNDA:0,MockUSDC.decimals.0
DA:13,88
FN:13,MockUSDC.mint.0
FNDA:88,MockUSDC.mint.0
DA:24,0
FN:24,MaliciousERC20.decimals.1
FNDA:0,MaliciousERC20.decimals.1
DA:25,1
FN:25,MaliciousERC20.mint.1
FNDA:1,MaliciousERC20.mint.1
DA:27,1
FN:27,MaliciousERC20.setAttack
FNDA:1,MaliciousERC20.setAttack
DA:28,1
DA:29,1
DA:32,1
FN:32,MaliciousERC20.transferFrom
FNDA:1,MaliciousERC20.transferFrom
DA:35,1
DA:39,1
BRDA:39,0,0,1
DA:40,1
DA:41,1
DA:42,1
DA:43,1
BRDA:43,1,0,1
DA:47,1
DA:50,0
FNF:6
FNH:4
LF:16
LH:13
BRF:2
BRH:2
end_of_record
